  [1m[36m (1.4ms)[0m  [1mCREATE TABLE "schema_migrations" ("version" varchar NOT NULL) [0m
  [1m[35m (0.5ms)[0m  select sqlite_version(*)
  [1m[36m (1.3ms)[0m  [1mCREATE UNIQUE INDEX "unique_schema_migrations" ON "schema_migrations" ("version")[0m
  [1m[35mActiveRecord::SchemaMigration Load (0.1ms)[0m  SELECT "schema_migrations".* FROM "schema_migrations"


Started GET "/" for ::1 at 2016-06-03 14:05:33 -0700
Processing by TwilioController#index as HTML
  Rendered twilio/index.erb (138.5ms)
Completed 200 OK in 177ms (Views: 156.9ms | ActiveRecord: 0.0ms)


Started GET "/assets/application.css?body=1" for ::1 at 2016-06-03 14:05:34 -0700


Started GET "/assets/intl-phone/css/intlTelInput.css?body=1" for ::1 at 2016-06-03 14:05:34 -0700


Started GET "/assets/jquery.min.js?body=1" for ::1 at 2016-06-03 14:05:34 -0700


Started GET "/assets/intl-phone/js/intlTelInput.js?body=1" for ::1 at 2016-06-03 14:05:34 -0700


Started GET "/assets/application.js?body=1" for ::1 at 2016-06-03 14:05:34 -0700


Started GET "/assets/intl-phone/libphonenumber/build/utils.js?body=1" for ::1 at 2016-06-03 14:05:34 -0700


Started GET "/assets/app.js?body=1" for ::1 at 2016-06-03 14:05:34 -0700


Started GET "/assets/intl-phone/img/flags.png" for ::1 at 2016-06-03 14:05:34 -0700


Started GET "/assets/intl-phone/libphonenumber/build/utils.js?_=1464987934673" for ::1 at 2016-06-03 14:05:35 -0700


Started GET "/img/favicon.png" for ::1 at 2016-06-03 14:05:35 -0700

ActionController::RoutingError (No route matches [GET] "/img/favicon.png"):
  actionpack (4.2.4) lib/action_dispatch/middleware/debug_exceptions.rb:21:in `call'
  actionpack (4.2.4) lib/action_dispatch/middleware/show_exceptions.rb:30:in `call'
  railties (4.2.4) lib/rails/rack/logger.rb:38:in `call_app'
  railties (4.2.4) lib/rails/rack/logger.rb:20:in `block in call'
  activesupport (4.2.4) lib/active_support/tagged_logging.rb:68:in `block in tagged'
  activesupport (4.2.4) lib/active_support/tagged_logging.rb:26:in `tagged'
  activesupport (4.2.4) lib/active_support/tagged_logging.rb:68:in `tagged'
  railties (4.2.4) lib/rails/rack/logger.rb:20:in `call'
  actionpack (4.2.4) lib/action_dispatch/middleware/request_id.rb:21:in `call'
  rack (1.6.4) lib/rack/methodoverride.rb:22:in `call'
  rack (1.6.4) lib/rack/runtime.rb:18:in `call'
  activesupport (4.2.4) lib/active_support/cache/strategy/local_cache_middleware.rb:28:in `call'
  rack (1.6.4) lib/rack/lock.rb:17:in `call'
  actionpack (4.2.4) lib/action_dispatch/middleware/static.rb:116:in `call'
  rack (1.6.4) lib/rack/sendfile.rb:113:in `call'
  railties (4.2.4) lib/rails/engine.rb:518:in `call'
  railties (4.2.4) lib/rails/application.rb:165:in `call'
  rack (1.6.4) lib/rack/lock.rb:17:in `call'
  rack (1.6.4) lib/rack/content_length.rb:15:in `call'
  rack (1.6.4) lib/rack/handler/webrick.rb:88:in `service'
  /Users/ethanbarhydt/.rvm/rubies/ruby-2.2.0/lib/ruby/2.2.0/webrick/httpserver.rb:138:in `service'
  /Users/ethanbarhydt/.rvm/rubies/ruby-2.2.0/lib/ruby/2.2.0/webrick/httpserver.rb:94:in `run'
  /Users/ethanbarhydt/.rvm/rubies/ruby-2.2.0/lib/ruby/2.2.0/webrick/server.rb:294:in `block in start_thread'


  Rendered /Users/ethanbarhydt/.rvm/gems/ruby-2.2.0/gems/actionpack-4.2.4/lib/action_dispatch/middleware/templates/rescues/_trace.html.erb (1.6ms)
  Rendered /Users/ethanbarhydt/.rvm/gems/ruby-2.2.0/gems/actionpack-4.2.4/lib/action_dispatch/middleware/templates/routes/_route.html.erb (3.2ms)
  Rendered /Users/ethanbarhydt/.rvm/gems/ruby-2.2.0/gems/actionpack-4.2.4/lib/action_dispatch/middleware/templates/routes/_table.html.erb (8.0ms)
  Rendered /Users/ethanbarhydt/.rvm/gems/ruby-2.2.0/gems/actionpack-4.2.4/lib/action_dispatch/middleware/templates/rescues/_request_and_response.html.erb (1.5ms)
  Rendered /Users/ethanbarhydt/.rvm/gems/ruby-2.2.0/gems/actionpack-4.2.4/lib/action_dispatch/middleware/templates/rescues/routing_error.html.erb within rescues/layout (123.0ms)


Started POST "/call" for ::1 at 2016-06-03 14:05:51 -0700
Processing by TwilioController#call as */*
  Parameters: {"phone"=>"+1 847-494-2629"}
Completed 500 Internal Server Error in 6ms (ActiveRecord: 0.0ms)

ArgumentError (Account SID and auth token are required):
  app/controllers/twilio_controller.rb:29:in `new'
  app/controllers/twilio_controller.rb:29:in `call'


  Rendered /Users/ethanbarhydt/.rvm/gems/ruby-2.2.0/gems/actionpack-4.2.4/lib/action_dispatch/middleware/templates/rescues/_source.erb (2.5ms)
  Rendered /Users/ethanbarhydt/.rvm/gems/ruby-2.2.0/gems/actionpack-4.2.4/lib/action_dispatch/middleware/templates/rescues/_trace.text.erb (0.6ms)
  Rendered /Users/ethanbarhydt/.rvm/gems/ruby-2.2.0/gems/actionpack-4.2.4/lib/action_dispatch/middleware/templates/rescues/_request_and_response.text.erb (1.4ms)
  Rendered /Users/ethanbarhydt/.rvm/gems/ruby-2.2.0/gems/actionpack-4.2.4/lib/action_dispatch/middleware/templates/rescues/diagnostics.text.erb (62.0ms)


Started GET "/" for ::1 at 2016-06-03 14:09:23 -0700
Processing by TwilioController#index as HTML
  Rendered twilio/index.erb (59.5ms)
Completed 200 OK in 83ms (Views: 72.5ms | ActiveRecord: 0.0ms)


Started GET "/assets/intl-phone/css/intlTelInput.css?body=1" for ::1 at 2016-06-03 14:09:23 -0700


Started GET "/assets/intl-phone/libphonenumber/build/utils.js?body=1" for ::1 at 2016-06-03 14:09:23 -0700


Started GET "/assets/intl-phone/js/intlTelInput.js?body=1" for ::1 at 2016-06-03 14:09:23 -0700


Started GET "/assets/jquery.min.js?body=1" for ::1 at 2016-06-03 14:09:23 -0700


Started GET "/assets/application.css?body=1" for ::1 at 2016-06-03 14:09:23 -0700


Started GET "/assets/app.js?body=1" for ::1 at 2016-06-03 14:09:23 -0700


Started GET "/assets/application.js?body=1" for ::1 at 2016-06-03 14:09:23 -0700


Started GET "/assets/intl-phone/libphonenumber/build/utils.js?_=1464988163727" for ::1 at 2016-06-03 14:09:23 -0700


Started POST "/call" for ::1 at 2016-06-03 14:09:26 -0700
Processing by TwilioController#call as */*
  Parameters: {"phone"=>"+1 847-494-2629"}
Completed 500 Internal Server Error in 11ms (ActiveRecord: 0.0ms)

ArgumentError (Account SID and auth token are required):
  app/controllers/twilio_controller.rb:29:in `new'
  app/controllers/twilio_controller.rb:29:in `call'


  Rendered /Users/ethanbarhydt/.rvm/gems/ruby-2.2.0/gems/actionpack-4.2.4/lib/action_dispatch/middleware/templates/rescues/_source.erb (3.3ms)
  Rendered /Users/ethanbarhydt/.rvm/gems/ruby-2.2.0/gems/actionpack-4.2.4/lib/action_dispatch/middleware/templates/rescues/_trace.text.erb (0.8ms)
  Rendered /Users/ethanbarhydt/.rvm/gems/ruby-2.2.0/gems/actionpack-4.2.4/lib/action_dispatch/middleware/templates/rescues/_request_and_response.text.erb (0.8ms)
  Rendered /Users/ethanbarhydt/.rvm/gems/ruby-2.2.0/gems/actionpack-4.2.4/lib/action_dispatch/middleware/templates/rescues/diagnostics.text.erb (48.2ms)


Started GET "/" for ::1 at 2016-06-03 14:10:58 -0700
Processing by TwilioController#index as HTML
  Rendered twilio/index.erb (61.8ms)
Completed 200 OK in 86ms (Views: 74.3ms | ActiveRecord: 0.0ms)


Started GET "/assets/application.css?body=1" for ::1 at 2016-06-03 14:10:58 -0700


Started GET "/assets/jquery.min.js?body=1" for ::1 at 2016-06-03 14:10:58 -0700


Started GET "/assets/intl-phone/css/intlTelInput.css?body=1" for ::1 at 2016-06-03 14:10:58 -0700


Started GET "/assets/intl-phone/js/intlTelInput.js?body=1" for ::1 at 2016-06-03 14:10:58 -0700


Started GET "/assets/intl-phone/libphonenumber/build/utils.js?body=1" for ::1 at 2016-06-03 14:10:58 -0700


Started GET "/assets/application.js?body=1" for ::1 at 2016-06-03 14:10:58 -0700


Started GET "/assets/app.js?body=1" for ::1 at 2016-06-03 14:10:58 -0700


Started GET "/assets/intl-phone/libphonenumber/build/utils.js?_=1464988258749" for ::1 at 2016-06-03 14:10:59 -0700


Started POST "/call" for ::1 at 2016-06-03 14:11:02 -0700
Processing by TwilioController#call as */*
  Parameters: {"phone"=>""}
Completed 200 OK in 19ms (Views: 0.2ms | ActiveRecord: 0.0ms)


Started POST "/call" for ::1 at 2016-06-03 14:11:06 -0700
Processing by TwilioController#call as */*
  Parameters: {"phone"=>"+1 847-494-2629"}
Completed 500 Internal Server Error in 1ms (ActiveRecord: 0.0ms)

ArgumentError (Account SID and auth token are required):
  app/controllers/twilio_controller.rb:29:in `new'
  app/controllers/twilio_controller.rb:29:in `call'


  Rendered /Users/ethanbarhydt/.rvm/gems/ruby-2.2.0/gems/actionpack-4.2.4/lib/action_dispatch/middleware/templates/rescues/_source.erb (3.0ms)
  Rendered /Users/ethanbarhydt/.rvm/gems/ruby-2.2.0/gems/actionpack-4.2.4/lib/action_dispatch/middleware/templates/rescues/_trace.text.erb (0.7ms)
  Rendered /Users/ethanbarhydt/.rvm/gems/ruby-2.2.0/gems/actionpack-4.2.4/lib/action_dispatch/middleware/templates/rescues/_request_and_response.text.erb (0.8ms)
  Rendered /Users/ethanbarhydt/.rvm/gems/ruby-2.2.0/gems/actionpack-4.2.4/lib/action_dispatch/middleware/templates/rescues/diagnostics.text.erb (49.8ms)


Started GET "/" for ::1 at 2016-06-03 14:13:26 -0700
Processing by TwilioController#index as HTML
  Rendered twilio/index.erb (61.6ms)
Completed 200 OK in 85ms (Views: 73.0ms | ActiveRecord: 0.0ms)


Started GET "/assets/application.css?body=1" for ::1 at 2016-06-03 14:13:27 -0700


Started GET "/assets/jquery.min.js?body=1" for ::1 at 2016-06-03 14:13:27 -0700


Started GET "/assets/intl-phone/css/intlTelInput.css?body=1" for ::1 at 2016-06-03 14:13:27 -0700


Started GET "/assets/intl-phone/libphonenumber/build/utils.js?body=1" for ::1 at 2016-06-03 14:13:27 -0700


Started GET "/assets/intl-phone/js/intlTelInput.js?body=1" for ::1 at 2016-06-03 14:13:27 -0700


Started GET "/assets/app.js?body=1" for ::1 at 2016-06-03 14:13:27 -0700


Started GET "/assets/application.js?body=1" for ::1 at 2016-06-03 14:13:27 -0700


Started GET "/assets/intl-phone/libphonenumber/build/utils.js?_=1464988407306" for ::1 at 2016-06-03 14:13:27 -0700


Started POST "/call" for ::1 at 2016-06-03 14:13:28 -0700
Processing by TwilioController#call as */*
  Parameters: {"phone"=>""}
Completed 200 OK in 19ms (Views: 0.3ms | ActiveRecord: 0.0ms)


Started POST "/call" for ::1 at 2016-06-03 14:13:31 -0700
Processing by TwilioController#call as */*
  Parameters: {"phone"=>"+1 847-494-2629"}
Completed 500 Internal Server Error in 977ms (ActiveRecord: 0.0ms)

Twilio::REST::RequestError (No 'From' number is specified):
  app/controllers/twilio_controller.rb:31:in `call'


  Rendered /Users/ethanbarhydt/.rvm/gems/ruby-2.2.0/gems/actionpack-4.2.4/lib/action_dispatch/middleware/templates/rescues/_source.erb (2.8ms)
  Rendered /Users/ethanbarhydt/.rvm/gems/ruby-2.2.0/gems/actionpack-4.2.4/lib/action_dispatch/middleware/templates/rescues/_trace.text.erb (0.7ms)
  Rendered /Users/ethanbarhydt/.rvm/gems/ruby-2.2.0/gems/actionpack-4.2.4/lib/action_dispatch/middleware/templates/rescues/_request_and_response.text.erb (0.8ms)
  Rendered /Users/ethanbarhydt/.rvm/gems/ruby-2.2.0/gems/actionpack-4.2.4/lib/action_dispatch/middleware/templates/rescues/diagnostics.text.erb (48.4ms)


Started GET "/" for ::1 at 2016-06-03 14:14:16 -0700
Processing by TwilioController#index as HTML
  Rendered twilio/index.erb (64.8ms)
Completed 200 OK in 88ms (Views: 77.2ms | ActiveRecord: 0.0ms)


Started GET "/assets/application.css?body=1" for ::1 at 2016-06-03 14:14:17 -0700


Started GET "/assets/jquery.min.js?body=1" for ::1 at 2016-06-03 14:14:17 -0700


Started GET "/assets/intl-phone/libphonenumber/build/utils.js?body=1" for ::1 at 2016-06-03 14:14:17 -0700


Started GET "/assets/intl-phone/js/intlTelInput.js?body=1" for ::1 at 2016-06-03 14:14:17 -0700


Started GET "/assets/intl-phone/css/intlTelInput.css?body=1" for ::1 at 2016-06-03 14:14:17 -0700


Started GET "/assets/app.js?body=1" for ::1 at 2016-06-03 14:14:17 -0700


Started GET "/assets/application.js?body=1" for ::1 at 2016-06-03 14:14:17 -0700


Started GET "/assets/intl-phone/libphonenumber/build/utils.js?_=1464988457177" for ::1 at 2016-06-03 14:14:17 -0700


Started POST "/call" for ::1 at 2016-06-03 14:14:21 -0700
Processing by TwilioController#call as */*
  Parameters: {"phone"=>"+1 847-494-2629"}
Completed 500 Internal Server Error in 1092ms (ActiveRecord: 0.0ms)

Twilio::REST::RequestError (Url is not a valid url: http://localhost:3000/connect):
  app/controllers/twilio_controller.rb:31:in `call'


  Rendered /Users/ethanbarhydt/.rvm/gems/ruby-2.2.0/gems/actionpack-4.2.4/lib/action_dispatch/middleware/templates/rescues/_source.erb (2.8ms)
  Rendered /Users/ethanbarhydt/.rvm/gems/ruby-2.2.0/gems/actionpack-4.2.4/lib/action_dispatch/middleware/templates/rescues/_trace.text.erb (0.6ms)
  Rendered /Users/ethanbarhydt/.rvm/gems/ruby-2.2.0/gems/actionpack-4.2.4/lib/action_dispatch/middleware/templates/rescues/_request_and_response.text.erb (0.9ms)
  Rendered /Users/ethanbarhydt/.rvm/gems/ruby-2.2.0/gems/actionpack-4.2.4/lib/action_dispatch/middleware/templates/rescues/diagnostics.text.erb (47.6ms)


Started POST "/call" for ::1 at 2016-06-03 14:14:55 -0700
Processing by TwilioController#call as */*
  Parameters: {"phone"=>"+1 847-494-2629"}
Completed 500 Internal Server Error in 1260ms (ActiveRecord: 0.0ms)

Twilio::REST::RequestError (Url is not a valid url: http://localhost:3000/connect):
  app/controllers/twilio_controller.rb:31:in `call'


  Rendered /Users/ethanbarhydt/.rvm/gems/ruby-2.2.0/gems/actionpack-4.2.4/lib/action_dispatch/middleware/templates/rescues/_source.erb (2.6ms)
  Rendered /Users/ethanbarhydt/.rvm/gems/ruby-2.2.0/gems/actionpack-4.2.4/lib/action_dispatch/middleware/templates/rescues/_trace.text.erb (0.7ms)
  Rendered /Users/ethanbarhydt/.rvm/gems/ruby-2.2.0/gems/actionpack-4.2.4/lib/action_dispatch/middleware/templates/rescues/_request_and_response.text.erb (0.7ms)
  Rendered /Users/ethanbarhydt/.rvm/gems/ruby-2.2.0/gems/actionpack-4.2.4/lib/action_dispatch/middleware/templates/rescues/diagnostics.text.erb (51.0ms)
